{"/Users/liubin/Projects/shop_backend/shop_frontend/src/App.vue": {"path":"/Users/liubin/Projects/shop_backend/shop_frontend/src/App.vue","statementMap":{"0":{"start":{"line":1,"column":1},"end":{"line":17,"column":4}},"1":{"start":{"line":4,"column":0},"end":{"line":6,"column":3}},"2":{"start":{"line":14,"column":0},"end":{"line":16,"column":2}},"3":{"start":{"line":18,"column":0},"end":{"line":18,"column":70}},"4":{"start":{"line":18,"column":31},"end":{"line":18,"column":70}},"5":{"start":{"line":19,"column":24},"end":{"line":19,"column":100}},"6":{"start":{"line":20,"column":0},"end":{"line":20,"column":169}},"7":{"start":{"line":20,"column":54},"end":{"line":20,"column":58}},"8":{"start":{"line":20,"column":66},"end":{"line":20,"column":84}},"9":{"start":{"line":20,"column":92},"end":{"line":20,"column":108}},"10":{"start":{"line":20,"column":109},"end":{"line":20,"column":168}},"11":{"start":{"line":21,"column":0},"end":{"line":21,"column":37}}},"fnMap":{"0":{"name":"(anonymous_0)","decl":{"start":{"line":1,"column":2},"end":{"line":1,"column":3}},"loc":{"start":{"line":1,"column":12},"end":{"line":17,"column":1}},"line":1},"1":{"name":"render","decl":{"start":{"line":20,"column":35},"end":{"line":20,"column":41}},"loc":{"start":{"line":20,"column":45},"end":{"line":20,"column":169}},"line":20}},"branchMap":{"0":{"loc":{"start":{"line":18,"column":0},"end":{"line":18,"column":70}},"type":"if","locations":[{"start":{"line":18,"column":0},"end":{"line":18,"column":70}},{"start":{"line":18,"column":0},"end":{"line":18,"column":70}}],"line":18},"1":{"loc":{"start":{"line":19,"column":24},"end":{"line":19,"column":100}},"type":"cond-expr","locations":[{"start":{"line":19,"column":62},"end":{"line":19,"column":84}},{"start":{"line":19,"column":86},"end":{"line":19,"column":100}}],"line":19},"2":{"loc":{"start":{"line":20,"column":92},"end":{"line":20,"column":108}},"type":"binary-expr","locations":[{"start":{"line":20,"column":92},"end":{"line":20,"column":104}},{"start":{"line":20,"column":106},"end":{"line":20,"column":108}}],"line":20}},"s":{"0":0,"1":0,"2":0,"3":0,"4":0,"5":0,"6":0,"7":0,"8":0,"9":0,"10":0,"11":0},"f":{"0":0,"1":0},"b":{"0":[0,0],"1":[0,0],"2":[0,0]}}
,"/Users/liubin/Projects/shop_backend/shop_frontend/src/api/api.js": {"path":"/Users/liubin/Projects/shop_backend/shop_frontend/src/api/api.js","statementMap":{"0":{"start":{"line":1,"column":13},"end":{"line":1,"column":75}},"1":{"start":{"line":1,"column":75},"end":{"line":1,"column":126}},"2":{"start":{"line":1,"column":139},"end":{"line":1,"column":155}},"3":{"start":{"line":1,"column":170},"end":{"line":1,"column":200}},"4":{"start":{"line":1,"column":239},"end":{"line":1,"column":293}},"5":{"start":{"line":3,"column":11},"end":{"line":3,"column":34}},"6":{"start":{"line":5,"column":16},"end":{"line":5,"column":164}},"7":{"start":{"line":5,"column":64},"end":{"line":5,"column":163}},"8":{"start":{"line":5,"column":149},"end":{"line":5,"column":160}},"9":{"start":{"line":6,"column":17},"end":{"line":6,"column":157}},"10":{"start":{"line":6,"column":67},"end":{"line":6,"column":156}},"11":{"start":{"line":6,"column":142},"end":{"line":6,"column":153}}},"fnMap":{"0":{"name":"_interopRequireDefault","decl":{"start":{"line":1,"column":210},"end":{"line":1,"column":232}},"loc":{"start":{"line":1,"column":238},"end":{"line":1,"column":294}},"line":1},"1":{"name":"authLogin","decl":{"start":{"line":5,"column":45},"end":{"line":5,"column":54}},"loc":{"start":{"line":5,"column":63},"end":{"line":5,"column":164}},"line":5},"2":{"name":"(anonymous_2)","decl":{"start":{"line":5,"column":133},"end":{"line":5,"column":134}},"loc":{"start":{"line":5,"column":148},"end":{"line":5,"column":161}},"line":5},"3":{"name":"authLogout","decl":{"start":{"line":6,"column":47},"end":{"line":6,"column":57}},"loc":{"start":{"line":6,"column":66},"end":{"line":6,"column":157}},"line":6},"4":{"name":"(anonymous_4)","decl":{"start":{"line":6,"column":126},"end":{"line":6,"column":127}},"loc":{"start":{"line":6,"column":141},"end":{"line":6,"column":154}},"line":6}},"branchMap":{"0":{"loc":{"start":{"line":1,"column":246},"end":{"line":1,"column":292}},"type":"cond-expr","locations":[{"start":{"line":1,"column":270},"end":{"line":1,"column":273}},{"start":{"line":1,"column":276},"end":{"line":1,"column":292}}],"line":1},"1":{"loc":{"start":{"line":1,"column":246},"end":{"line":1,"column":267}},"type":"binary-expr","locations":[{"start":{"line":1,"column":246},"end":{"line":1,"column":249}},{"start":{"line":1,"column":253},"end":{"line":1,"column":267}}],"line":1}},"s":{"0":0,"1":0,"2":0,"3":0,"4":0,"5":0,"6":0,"7":0,"8":0,"9":0,"10":0,"11":0},"f":{"0":0,"1":0,"2":0,"3":0,"4":0},"b":{"0":[0,0],"1":[0,0]}}
,"/Users/liubin/Projects/shop_backend/shop_frontend/src/api/index.js": {"path":"/Users/liubin/Projects/shop_backend/shop_frontend/src/api/index.js","statementMap":{"0":{"start":{"line":1,"column":13},"end":{"line":1,"column":75}},"1":{"start":{"line":1,"column":86},"end":{"line":1,"column":102}},"2":{"start":{"line":1,"column":113},"end":{"line":1,"column":142}},"3":{"start":{"line":1,"column":182},"end":{"line":1,"column":398}},"4":{"start":{"line":1,"column":210},"end":{"line":1,"column":221}},"5":{"start":{"line":1,"column":242},"end":{"line":1,"column":244}},"6":{"start":{"line":1,"column":245},"end":{"line":1,"column":362}},"7":{"start":{"line":1,"column":263},"end":{"line":1,"column":361}},"8":{"start":{"line":1,"column":285},"end":{"line":1,"column":360}},"9":{"start":{"line":1,"column":337},"end":{"line":1,"column":360}},"10":{"start":{"line":1,"column":362},"end":{"line":1,"column":383}},"11":{"start":{"line":1,"column":383},"end":{"line":1,"column":397}},"12":{"start":{"line":1,"column":399},"end":{"line":3,"column":4}}},"fnMap":{"0":{"name":"_interopRequireWildcard","decl":{"start":{"line":1,"column":152},"end":{"line":1,"column":175}},"loc":{"start":{"line":1,"column":181},"end":{"line":1,"column":399}},"line":1}},"branchMap":{"0":{"loc":{"start":{"line":1,"column":182},"end":{"line":1,"column":398}},"type":"if","locations":[{"start":{"line":1,"column":182},"end":{"line":1,"column":398}},{"start":{"line":1,"column":182},"end":{"line":1,"column":398}}],"line":1},"1":{"loc":{"start":{"line":1,"column":186},"end":{"line":1,"column":207}},"type":"binary-expr","locations":[{"start":{"line":1,"column":186},"end":{"line":1,"column":189}},{"start":{"line":1,"column":193},"end":{"line":1,"column":207}}],"line":1},"2":{"loc":{"start":{"line":1,"column":245},"end":{"line":1,"column":362}},"type":"if","locations":[{"start":{"line":1,"column":245},"end":{"line":1,"column":362}},{"start":{"line":1,"column":245},"end":{"line":1,"column":362}}],"line":1},"3":{"loc":{"start":{"line":1,"column":285},"end":{"line":1,"column":360}},"type":"if","locations":[{"start":{"line":1,"column":285},"end":{"line":1,"column":360}},{"start":{"line":1,"column":285},"end":{"line":1,"column":360}}],"line":1}},"s":{"0":0,"1":0,"2":0,"3":0,"4":0,"5":0,"6":0,"7":0,"8":0,"9":0,"10":0,"11":0,"12":0},"f":{"0":0},"b":{"0":[0,0],"1":[0,0],"2":[0,0],"3":[0,0]}}
,"/Users/liubin/Projects/shop_backend/shop_frontend/src/components/HelloWorld.vue": {"path":"/Users/liubin/Projects/shop_backend/shop_frontend/src/components/HelloWorld.vue","statementMap":{"0":{"start":{"line":27,"column":0},"end":{"line":null,"column":-1}}},"fnMap":{"0":{"name":"data","decl":{"start":{"line":26,"column":0},"end":{"line":null,"column":-1}},"loc":{"start":{"line":26,"column":0},"end":{"line":30,"column":0}}}},"branchMap":{},"s":{"0":1},"f":{"0":1},"b":{}}
,"/Users/liubin/Projects/shop_backend/shop_frontend/src/dashboard/Dashboard.vue": {"path":"/Users/liubin/Projects/shop_backend/shop_frontend/src/dashboard/Dashboard.vue","statementMap":{"0":{"start":{"line":1,"column":1},"end":{"line":9,"column":4}},"1":{"start":{"line":10,"column":0},"end":{"line":10,"column":70}},"2":{"start":{"line":10,"column":31},"end":{"line":10,"column":70}},"3":{"start":{"line":11,"column":24},"end":{"line":11,"column":100}},"4":{"start":{"line":12,"column":0},"end":{"line":12,"column":126}},"5":{"start":{"line":12,"column":54},"end":{"line":12,"column":58}},"6":{"start":{"line":12,"column":66},"end":{"line":12,"column":84}},"7":{"start":{"line":12,"column":92},"end":{"line":12,"column":108}},"8":{"start":{"line":12,"column":109},"end":{"line":12,"column":125}},"9":{"start":{"line":13,"column":0},"end":{"line":13,"column":170}},"10":{"start":{"line":13,"column":64},"end":{"line":13,"column":68}},"11":{"start":{"line":13,"column":76},"end":{"line":13,"column":94}},"12":{"start":{"line":13,"column":102},"end":{"line":13,"column":118}},"13":{"start":{"line":13,"column":119},"end":{"line":13,"column":168}}},"fnMap":{"0":{"name":"(anonymous_0)","decl":{"start":{"line":1,"column":2},"end":{"line":1,"column":3}},"loc":{"start":{"line":1,"column":12},"end":{"line":9,"column":1}},"line":1},"1":{"name":"render","decl":{"start":{"line":12,"column":35},"end":{"line":12,"column":41}},"loc":{"start":{"line":12,"column":45},"end":{"line":12,"column":126}},"line":12},"2":{"name":"render","decl":{"start":{"line":13,"column":45},"end":{"line":13,"column":51}},"loc":{"start":{"line":13,"column":55},"end":{"line":13,"column":169}},"line":13}},"branchMap":{"0":{"loc":{"start":{"line":10,"column":0},"end":{"line":10,"column":70}},"type":"if","locations":[{"start":{"line":10,"column":0},"end":{"line":10,"column":70}},{"start":{"line":10,"column":0},"end":{"line":10,"column":70}}],"line":10},"1":{"loc":{"start":{"line":11,"column":24},"end":{"line":11,"column":100}},"type":"cond-expr","locations":[{"start":{"line":11,"column":62},"end":{"line":11,"column":84}},{"start":{"line":11,"column":86},"end":{"line":11,"column":100}}],"line":11},"2":{"loc":{"start":{"line":12,"column":92},"end":{"line":12,"column":108}},"type":"binary-expr","locations":[{"start":{"line":12,"column":92},"end":{"line":12,"column":104}},{"start":{"line":12,"column":106},"end":{"line":12,"column":108}}],"line":12},"3":{"loc":{"start":{"line":13,"column":102},"end":{"line":13,"column":118}},"type":"binary-expr","locations":[{"start":{"line":13,"column":102},"end":{"line":13,"column":114}},{"start":{"line":13,"column":116},"end":{"line":13,"column":118}}],"line":13}},"s":{"0":0,"1":0,"2":0,"3":0,"4":0,"5":0,"6":0,"7":0,"8":0,"9":0,"10":0,"11":0,"12":0,"13":0},"f":{"0":0,"1":0,"2":0},"b":{"0":[0,0],"1":[0,0],"2":[0,0],"3":[0,0]}}
,"/Users/liubin/Projects/shop_backend/shop_frontend/src/pages/401.vue": {"path":"/Users/liubin/Projects/shop_backend/shop_frontend/src/pages/401.vue","statementMap":{"0":{"start":{"line":1,"column":1},"end":{"line":3,"column":4}},"1":{"start":{"line":4,"column":0},"end":{"line":4,"column":70}},"2":{"start":{"line":4,"column":31},"end":{"line":4,"column":70}},"3":{"start":{"line":5,"column":24},"end":{"line":5,"column":100}},"4":{"start":{"line":6,"column":0},"end":{"line":6,"column":236}},"5":{"start":{"line":6,"column":54},"end":{"line":6,"column":58}},"6":{"start":{"line":6,"column":66},"end":{"line":6,"column":84}},"7":{"start":{"line":6,"column":92},"end":{"line":6,"column":108}},"8":{"start":{"line":6,"column":109},"end":{"line":6,"column":235}},"9":{"start":{"line":7,"column":0},"end":{"line":7,"column":37}}},"fnMap":{"0":{"name":"(anonymous_0)","decl":{"start":{"line":1,"column":2},"end":{"line":1,"column":3}},"loc":{"start":{"line":1,"column":12},"end":{"line":3,"column":1}},"line":1},"1":{"name":"render","decl":{"start":{"line":6,"column":35},"end":{"line":6,"column":41}},"loc":{"start":{"line":6,"column":45},"end":{"line":6,"column":236}},"line":6}},"branchMap":{"0":{"loc":{"start":{"line":4,"column":0},"end":{"line":4,"column":70}},"type":"if","locations":[{"start":{"line":4,"column":0},"end":{"line":4,"column":70}},{"start":{"line":4,"column":0},"end":{"line":4,"column":70}}],"line":4},"1":{"loc":{"start":{"line":5,"column":24},"end":{"line":5,"column":100}},"type":"cond-expr","locations":[{"start":{"line":5,"column":62},"end":{"line":5,"column":84}},{"start":{"line":5,"column":86},"end":{"line":5,"column":100}}],"line":5},"2":{"loc":{"start":{"line":6,"column":92},"end":{"line":6,"column":108}},"type":"binary-expr","locations":[{"start":{"line":6,"column":92},"end":{"line":6,"column":104}},{"start":{"line":6,"column":106},"end":{"line":6,"column":108}}],"line":6}},"s":{"0":0,"1":0,"2":0,"3":0,"4":0,"5":0,"6":0,"7":0,"8":0,"9":0},"f":{"0":0,"1":0},"b":{"0":[0,0],"1":[0,0],"2":[0,0]}}
,"/Users/liubin/Projects/shop_backend/shop_frontend/src/pages/404.vue": {"path":"/Users/liubin/Projects/shop_backend/shop_frontend/src/pages/404.vue","statementMap":{"0":{"start":{"line":1,"column":1},"end":{"line":3,"column":4}},"1":{"start":{"line":4,"column":0},"end":{"line":4,"column":70}},"2":{"start":{"line":4,"column":31},"end":{"line":4,"column":70}},"3":{"start":{"line":5,"column":24},"end":{"line":5,"column":100}},"4":{"start":{"line":6,"column":0},"end":{"line":6,"column":226}},"5":{"start":{"line":6,"column":54},"end":{"line":6,"column":58}},"6":{"start":{"line":6,"column":66},"end":{"line":6,"column":84}},"7":{"start":{"line":6,"column":92},"end":{"line":6,"column":108}},"8":{"start":{"line":6,"column":109},"end":{"line":6,"column":225}},"9":{"start":{"line":7,"column":0},"end":{"line":7,"column":37}}},"fnMap":{"0":{"name":"(anonymous_0)","decl":{"start":{"line":1,"column":2},"end":{"line":1,"column":3}},"loc":{"start":{"line":1,"column":12},"end":{"line":3,"column":1}},"line":1},"1":{"name":"render","decl":{"start":{"line":6,"column":35},"end":{"line":6,"column":41}},"loc":{"start":{"line":6,"column":45},"end":{"line":6,"column":226}},"line":6}},"branchMap":{"0":{"loc":{"start":{"line":4,"column":0},"end":{"line":4,"column":70}},"type":"if","locations":[{"start":{"line":4,"column":0},"end":{"line":4,"column":70}},{"start":{"line":4,"column":0},"end":{"line":4,"column":70}}],"line":4},"1":{"loc":{"start":{"line":5,"column":24},"end":{"line":5,"column":100}},"type":"cond-expr","locations":[{"start":{"line":5,"column":62},"end":{"line":5,"column":84}},{"start":{"line":5,"column":86},"end":{"line":5,"column":100}}],"line":5},"2":{"loc":{"start":{"line":6,"column":92},"end":{"line":6,"column":108}},"type":"binary-expr","locations":[{"start":{"line":6,"column":92},"end":{"line":6,"column":104}},{"start":{"line":6,"column":106},"end":{"line":6,"column":108}}],"line":6}},"s":{"0":0,"1":0,"2":0,"3":0,"4":0,"5":0,"6":0,"7":0,"8":0,"9":0},"f":{"0":0,"1":0},"b":{"0":[0,0],"1":[0,0],"2":[0,0]}}
,"/Users/liubin/Projects/shop_backend/shop_frontend/src/pages/Login.vue": {"path":"/Users/liubin/Projects/shop_backend/shop_frontend/src/pages/Login.vue","statementMap":{"0":{"start":{"line":1,"column":1},"end":{"line":129,"column":4}},"1":{"start":{"line":4,"column":0},"end":{"line":6,"column":3}},"2":{"start":{"line":8,"column":17},"end":{"line":8,"column":64}},"3":{"start":{"line":10,"column":18},"end":{"line":10,"column":52}},"4":{"start":{"line":12,"column":16},"end":{"line":12,"column":56}},"5":{"start":{"line":14,"column":16},"end":{"line":14,"column":49}},"6":{"start":{"line":16,"column":11},"end":{"line":16,"column":32}},"7":{"start":{"line":18,"column":12},"end":{"line":18,"column":27}},"8":{"start":{"line":20,"column":39},"end":{"line":20,"column":93}},"9":{"start":{"line":57,"column":0},"end":{"line":128,"column":2}},"10":{"start":{"line":59,"column":4},"end":{"line":69,"column":6}},"11":{"start":{"line":74,"column":6},"end":{"line":74,"column":37}},"12":{"start":{"line":79,"column":18},"end":{"line":79,"column":22}},"13":{"start":{"line":81,"column":6},"end":{"line":114,"column":9}},"14":{"start":{"line":82,"column":8},"end":{"line":106,"column":9}},"15":{"start":{"line":84,"column":10},"end":{"line":84,"column":58}},"16":{"start":{"line":85,"column":10},"end":{"line":103,"column":13}},"17":{"start":{"line":86,"column":12},"end":{"line":86,"column":29}},"18":{"start":{"line":87,"column":23},"end":{"line":87,"column":31}},"19":{"start":{"line":88,"column":25},"end":{"line":88,"column":35}},"20":{"start":{"line":89,"column":29},"end":{"line":89,"column":43}},"21":{"start":{"line":91,"column":12},"end":{"line":96,"column":13}},"22":{"start":{"line":92,"column":14},"end":{"line":92,"column":46}},"23":{"start":{"line":93,"column":14},"end":{"line":93,"column":48}},"24":{"start":{"line":95,"column":14},"end":{"line":95,"column":71}},"25":{"start":{"line":98,"column":12},"end":{"line":98,"column":56}},"26":{"start":{"line":99,"column":12},"end":{"line":99,"column":45}},"27":{"start":{"line":101,"column":12},"end":{"line":101,"column":57}},"28":{"start":{"line":102,"column":12},"end":{"line":102,"column":45}},"29":{"start":{"line":105,"column":10},"end":{"line":105,"column":42}},"30":{"start":{"line":107,"column":8},"end":{"line":113,"column":9}},"31":{"start":{"line":108,"column":10},"end":{"line":108,"column":105}},"32":{"start":{"line":109,"column":10},"end":{"line":109,"column":105}},"33":{"start":{"line":111,"column":10},"end":{"line":111,"column":55}},"34":{"start":{"line":112,"column":10},"end":{"line":112,"column":55}},"35":{"start":{"line":117,"column":6},"end":{"line":117,"column":37}},"36":{"start":{"line":121,"column":4},"end":{"line":123,"column":5}},"37":{"start":{"line":122,"column":6},"end":{"line":122,"column":80}},"38":{"start":{"line":124,"column":4},"end":{"line":126,"column":5}},"39":{"start":{"line":125,"column":6},"end":{"line":125,"column":80}},"40":{"start":{"line":130,"column":0},"end":{"line":130,"column":70}},"41":{"start":{"line":130,"column":31},"end":{"line":130,"column":70}},"42":{"start":{"line":131,"column":24},"end":{"line":131,"column":100}},"43":{"start":{"line":132,"column":0},"end":{"line":132,"column":1773}},"44":{"start":{"line":132,"column":54},"end":{"line":132,"column":58}},"45":{"start":{"line":132,"column":66},"end":{"line":132,"column":84}},"46":{"start":{"line":132,"column":92},"end":{"line":132,"column":108}},"47":{"start":{"line":132,"column":109},"end":{"line":132,"column":1772}},"48":{"start":{"line":132,"column":513},"end":{"line":132,"column":554}},"49":{"start":{"line":132,"column":875},"end":{"line":132,"column":916}},"50":{"start":{"line":132,"column":1188},"end":{"line":132,"column":1229}},"51":{"start":{"line":132,"column":1522},"end":{"line":132,"column":1551}},"52":{"start":{"line":132,"column":1706},"end":{"line":132,"column":1737}},"53":{"start":{"line":133,"column":0},"end":{"line":133,"column":37}}},"fnMap":{"0":{"name":"(anonymous_0)","decl":{"start":{"line":1,"column":2},"end":{"line":1,"column":3}},"loc":{"start":{"line":1,"column":12},"end":{"line":129,"column":1}},"line":1},"1":{"name":"_interopRequireDefault","decl":{"start":{"line":20,"column":9},"end":{"line":20,"column":31}},"loc":{"start":{"line":20,"column":37},"end":{"line":20,"column":95}},"line":20},"2":{"name":"data","decl":{"start":{"line":58,"column":17},"end":{"line":58,"column":21}},"loc":{"start":{"line":58,"column":24},"end":{"line":70,"column":3}},"line":58},"3":{"name":"loginStatus","decl":{"start":{"line":73,"column":26},"end":{"line":73,"column":37}},"loc":{"start":{"line":73,"column":45},"end":{"line":75,"column":5}},"line":73},"4":{"name":"handleSubmit","decl":{"start":{"line":78,"column":27},"end":{"line":78,"column":39}},"loc":{"start":{"line":78,"column":46},"end":{"line":115,"column":5}},"line":78},"5":{"name":"(anonymous_5)","decl":{"start":{"line":81,"column":32},"end":{"line":81,"column":33}},"loc":{"start":{"line":81,"column":49},"end":{"line":114,"column":7}},"line":81},"6":{"name":"(anonymous_6)","decl":{"start":{"line":85,"column":53},"end":{"line":85,"column":54}},"loc":{"start":{"line":85,"column":68},"end":{"line":97,"column":11}},"line":85},"7":{"name":"(anonymous_7)","decl":{"start":{"line":97,"column":13},"end":{"line":97,"column":14}},"loc":{"start":{"line":97,"column":30},"end":{"line":100,"column":11}},"line":97},"8":{"name":"(anonymous_8)","decl":{"start":{"line":100,"column":19},"end":{"line":100,"column":20}},"loc":{"start":{"line":100,"column":36},"end":{"line":103,"column":11}},"line":100},"9":{"name":"formLoginReset","decl":{"start":{"line":116,"column":29},"end":{"line":116,"column":43}},"loc":{"start":{"line":116,"column":50},"end":{"line":118,"column":5}},"line":116},"10":{"name":"mounted","decl":{"start":{"line":120,"column":20},"end":{"line":120,"column":27}},"loc":{"start":{"line":120,"column":30},"end":{"line":127,"column":3}},"line":120},"11":{"name":"render","decl":{"start":{"line":132,"column":35},"end":{"line":132,"column":41}},"loc":{"start":{"line":132,"column":45},"end":{"line":132,"column":1773}},"line":132},"12":{"name":"(anonymous_12)","decl":{"start":{"line":132,"column":497},"end":{"line":132,"column":498}},"loc":{"start":{"line":132,"column":512},"end":{"line":132,"column":555}},"line":132},"13":{"name":"(anonymous_13)","decl":{"start":{"line":132,"column":859},"end":{"line":132,"column":860}},"loc":{"start":{"line":132,"column":874},"end":{"line":132,"column":917}},"line":132},"14":{"name":"(anonymous_14)","decl":{"start":{"line":132,"column":1172},"end":{"line":132,"column":1173}},"loc":{"start":{"line":132,"column":1187},"end":{"line":132,"column":1230}},"line":132},"15":{"name":"(anonymous_15)","decl":{"start":{"line":132,"column":1505},"end":{"line":132,"column":1506}},"loc":{"start":{"line":132,"column":1521},"end":{"line":132,"column":1552}},"line":132},"16":{"name":"(anonymous_16)","decl":{"start":{"line":132,"column":1689},"end":{"line":132,"column":1690}},"loc":{"start":{"line":132,"column":1705},"end":{"line":132,"column":1738}},"line":132}},"branchMap":{"0":{"loc":{"start":{"line":20,"column":46},"end":{"line":20,"column":92}},"type":"cond-expr","locations":[{"start":{"line":20,"column":70},"end":{"line":20,"column":73}},{"start":{"line":20,"column":76},"end":{"line":20,"column":92}}],"line":20},"1":{"loc":{"start":{"line":20,"column":46},"end":{"line":20,"column":67}},"type":"binary-expr","locations":[{"start":{"line":20,"column":46},"end":{"line":20,"column":49}},{"start":{"line":20,"column":53},"end":{"line":20,"column":67}}],"line":20},"2":{"loc":{"start":{"line":82,"column":8},"end":{"line":106,"column":9}},"type":"if","locations":[{"start":{"line":82,"column":8},"end":{"line":106,"column":9}},{"start":{"line":82,"column":8},"end":{"line":106,"column":9}}],"line":82},"3":{"loc":{"start":{"line":91,"column":12},"end":{"line":96,"column":13}},"type":"if","locations":[{"start":{"line":91,"column":12},"end":{"line":96,"column":13}},{"start":{"line":91,"column":12},"end":{"line":96,"column":13}}],"line":91},"4":{"loc":{"start":{"line":107,"column":8},"end":{"line":113,"column":9}},"type":"if","locations":[{"start":{"line":107,"column":8},"end":{"line":113,"column":9}},{"start":{"line":107,"column":8},"end":{"line":113,"column":9}}],"line":107},"5":{"loc":{"start":{"line":121,"column":4},"end":{"line":123,"column":5}},"type":"if","locations":[{"start":{"line":121,"column":4},"end":{"line":123,"column":5}},{"start":{"line":121,"column":4},"end":{"line":123,"column":5}}],"line":121},"6":{"loc":{"start":{"line":124,"column":4},"end":{"line":126,"column":5}},"type":"if","locations":[{"start":{"line":124,"column":4},"end":{"line":126,"column":5}},{"start":{"line":124,"column":4},"end":{"line":126,"column":5}}],"line":124},"7":{"loc":{"start":{"line":130,"column":0},"end":{"line":130,"column":70}},"type":"if","locations":[{"start":{"line":130,"column":0},"end":{"line":130,"column":70}},{"start":{"line":130,"column":0},"end":{"line":130,"column":70}}],"line":130},"8":{"loc":{"start":{"line":131,"column":24},"end":{"line":131,"column":100}},"type":"cond-expr","locations":[{"start":{"line":131,"column":62},"end":{"line":131,"column":84}},{"start":{"line":131,"column":86},"end":{"line":131,"column":100}}],"line":131},"9":{"loc":{"start":{"line":132,"column":92},"end":{"line":132,"column":108}},"type":"binary-expr","locations":[{"start":{"line":132,"column":92},"end":{"line":132,"column":104}},{"start":{"line":132,"column":106},"end":{"line":132,"column":108}}],"line":132}},"s":{"0":0,"1":0,"2":0,"3":0,"4":0,"5":0,"6":0,"7":0,"8":0,"9":0,"10":0,"11":0,"12":0,"13":0,"14":0,"15":0,"16":0,"17":0,"18":0,"19":0,"20":0,"21":0,"22":0,"23":0,"24":0,"25":0,"26":0,"27":0,"28":0,"29":0,"30":0,"31":0,"32":0,"33":0,"34":0,"35":0,"36":0,"37":0,"38":0,"39":0,"40":0,"41":0,"42":0,"43":0,"44":0,"45":0,"46":0,"47":0,"48":0,"49":0,"50":0,"51":0,"52":0,"53":0},"f":{"0":0,"1":0,"2":0,"3":0,"4":0,"5":0,"6":0,"7":0,"8":0,"9":0,"10":0,"11":0,"12":0,"13":0,"14":0,"15":0,"16":0},"b":{"0":[0,0],"1":[0,0],"2":[0,0],"3":[0,0],"4":[0,0],"5":[0,0],"6":[0,0],"7":[0,0],"8":[0,0],"9":[0,0]}}
,"/Users/liubin/Projects/shop_backend/shop_frontend/src/statistics/Echarts.vue": {"path":"/Users/liubin/Projects/shop_backend/shop_frontend/src/statistics/Echarts.vue","statementMap":{"0":{"start":{"line":1,"column":1},"end":{"line":180,"column":4}},"1":{"start":{"line":4,"column":0},"end":{"line":6,"column":3}},"2":{"start":{"line":8,"column":15},"end":{"line":8,"column":33}},"3":{"start":{"line":10,"column":16},"end":{"line":10,"column":48}},"4":{"start":{"line":12,"column":39},"end":{"line":12,"column":93}},"5":{"start":{"line":14,"column":0},"end":{"line":158,"column":2}},"6":{"start":{"line":16,"column":4},"end":{"line":21,"column":6}},"7":{"start":{"line":25,"column":16},"end":{"line":25,"column":20}},"8":{"start":{"line":27,"column":4},"end":{"line":27,"column":87}},"9":{"start":{"line":28,"column":4},"end":{"line":28,"column":80}},"10":{"start":{"line":29,"column":4},"end":{"line":29,"column":82}},"11":{"start":{"line":30,"column":4},"end":{"line":30,"column":80}},"12":{"start":{"line":32,"column":4},"end":{"line":44,"column":7}},"13":{"start":{"line":46,"column":4},"end":{"line":83,"column":7}},"14":{"start":{"line":85,"column":4},"end":{"line":125,"column":7}},"15":{"start":{"line":127,"column":4},"end":{"line":156,"column":7}},"16":{"start":{"line":181,"column":0},"end":{"line":181,"column":70}},"17":{"start":{"line":181,"column":31},"end":{"line":181,"column":70}},"18":{"start":{"line":182,"column":24},"end":{"line":182,"column":100}},"19":{"start":{"line":183,"column":0},"end":{"line":183,"column":843}},"20":{"start":{"line":183,"column":54},"end":{"line":183,"column":58}},"21":{"start":{"line":183,"column":66},"end":{"line":183,"column":84}},"22":{"start":{"line":183,"column":92},"end":{"line":183,"column":108}},"23":{"start":{"line":183,"column":109},"end":{"line":183,"column":842}},"24":{"start":{"line":184,"column":0},"end":{"line":184,"column":37}}},"fnMap":{"0":{"name":"(anonymous_0)","decl":{"start":{"line":1,"column":2},"end":{"line":1,"column":3}},"loc":{"start":{"line":1,"column":12},"end":{"line":180,"column":1}},"line":1},"1":{"name":"_interopRequireDefault","decl":{"start":{"line":12,"column":9},"end":{"line":12,"column":31}},"loc":{"start":{"line":12,"column":37},"end":{"line":12,"column":95}},"line":12},"2":{"name":"data","decl":{"start":{"line":15,"column":17},"end":{"line":15,"column":21}},"loc":{"start":{"line":15,"column":24},"end":{"line":22,"column":3}},"line":15},"3":{"name":"mounted","decl":{"start":{"line":24,"column":20},"end":{"line":24,"column":27}},"loc":{"start":{"line":24,"column":30},"end":{"line":157,"column":3}},"line":24},"4":{"name":"render","decl":{"start":{"line":183,"column":35},"end":{"line":183,"column":41}},"loc":{"start":{"line":183,"column":45},"end":{"line":183,"column":843}},"line":183}},"branchMap":{"0":{"loc":{"start":{"line":12,"column":46},"end":{"line":12,"column":92}},"type":"cond-expr","locations":[{"start":{"line":12,"column":70},"end":{"line":12,"column":73}},{"start":{"line":12,"column":76},"end":{"line":12,"column":92}}],"line":12},"1":{"loc":{"start":{"line":12,"column":46},"end":{"line":12,"column":67}},"type":"binary-expr","locations":[{"start":{"line":12,"column":46},"end":{"line":12,"column":49}},{"start":{"line":12,"column":53},"end":{"line":12,"column":67}}],"line":12},"2":{"loc":{"start":{"line":181,"column":0},"end":{"line":181,"column":70}},"type":"if","locations":[{"start":{"line":181,"column":0},"end":{"line":181,"column":70}},{"start":{"line":181,"column":0},"end":{"line":181,"column":70}}],"line":181},"3":{"loc":{"start":{"line":182,"column":24},"end":{"line":182,"column":100}},"type":"cond-expr","locations":[{"start":{"line":182,"column":62},"end":{"line":182,"column":84}},{"start":{"line":182,"column":86},"end":{"line":182,"column":100}}],"line":182},"4":{"loc":{"start":{"line":183,"column":92},"end":{"line":183,"column":108}},"type":"binary-expr","locations":[{"start":{"line":183,"column":92},"end":{"line":183,"column":104}},{"start":{"line":183,"column":106},"end":{"line":183,"column":108}}],"line":183}},"s":{"0":0,"1":0,"2":0,"3":0,"4":0,"5":0,"6":0,"7":0,"8":0,"9":0,"10":0,"11":0,"12":0,"13":0,"14":0,"15":0,"16":0,"17":0,"18":0,"19":0,"20":0,"21":0,"22":0,"23":0,"24":0},"f":{"0":0,"1":0,"2":0,"3":0,"4":0},"b":{"0":[0,0],"1":[0,0],"2":[0,0],"3":[0,0],"4":[0,0]}}
,"/Users/liubin/Projects/shop_backend/shop_frontend/src/vuex-store/actions.js": {"path":"/Users/liubin/Projects/shop_backend/shop_frontend/src/vuex-store/actions.js","statementMap":{"0":{"start":{"line":1,"column":13},"end":{"line":1,"column":75}},"1":{"start":{"line":1,"column":75},"end":{"line":1,"column":107}},"2":{"start":{"line":2,"column":21},"end":{"line":2,"column":48}},"3":{"start":{"line":2,"column":61},"end":{"line":2,"column":100}},"4":{"start":{"line":2,"column":140},"end":{"line":2,"column":356}},"5":{"start":{"line":2,"column":168},"end":{"line":2,"column":179}},"6":{"start":{"line":2,"column":200},"end":{"line":2,"column":202}},"7":{"start":{"line":2,"column":203},"end":{"line":2,"column":320}},"8":{"start":{"line":2,"column":221},"end":{"line":2,"column":319}},"9":{"start":{"line":2,"column":243},"end":{"line":2,"column":318}},"10":{"start":{"line":2,"column":295},"end":{"line":2,"column":318}},"11":{"start":{"line":2,"column":320},"end":{"line":2,"column":341}},"12":{"start":{"line":2,"column":341},"end":{"line":2,"column":355}},"13":{"start":{"line":5,"column":18},"end":{"line":8,"column":1}},"14":{"start":{"line":5,"column":88},"end":{"line":5,"column":99}},"15":{"start":{"line":5,"column":108},"end":{"line":5,"column":118}},"16":{"start":{"line":5,"column":134},"end":{"line":5,"column":148}},"17":{"start":{"line":6,"column":2},"end":{"line":6,"column":54}},"18":{"start":{"line":7,"column":2},"end":{"line":7,"column":30}}},"fnMap":{"0":{"name":"_interopRequireWildcard","decl":{"start":{"line":2,"column":110},"end":{"line":2,"column":133}},"loc":{"start":{"line":2,"column":139},"end":{"line":2,"column":357}},"line":2},"1":{"name":"setSitename","decl":{"start":{"line":5,"column":49},"end":{"line":5,"column":60}},"loc":{"start":{"line":5,"column":74},"end":{"line":8,"column":1}},"line":5}},"branchMap":{"0":{"loc":{"start":{"line":2,"column":140},"end":{"line":2,"column":356}},"type":"if","locations":[{"start":{"line":2,"column":140},"end":{"line":2,"column":356}},{"start":{"line":2,"column":140},"end":{"line":2,"column":356}}],"line":2},"1":{"loc":{"start":{"line":2,"column":144},"end":{"line":2,"column":165}},"type":"binary-expr","locations":[{"start":{"line":2,"column":144},"end":{"line":2,"column":147}},{"start":{"line":2,"column":151},"end":{"line":2,"column":165}}],"line":2},"2":{"loc":{"start":{"line":2,"column":203},"end":{"line":2,"column":320}},"type":"if","locations":[{"start":{"line":2,"column":203},"end":{"line":2,"column":320}},{"start":{"line":2,"column":203},"end":{"line":2,"column":320}}],"line":2},"3":{"loc":{"start":{"line":2,"column":243},"end":{"line":2,"column":318}},"type":"if","locations":[{"start":{"line":2,"column":243},"end":{"line":2,"column":318}},{"start":{"line":2,"column":243},"end":{"line":2,"column":318}}],"line":2}},"s":{"0":0,"1":0,"2":0,"3":0,"4":0,"5":0,"6":0,"7":0,"8":0,"9":0,"10":0,"11":0,"12":0,"13":0,"14":0,"15":0,"16":0,"17":0,"18":0},"f":{"0":0,"1":0},"b":{"0":[0,0],"1":[0,0],"2":[0,0],"3":[0,0]}}
,"/Users/liubin/Projects/shop_backend/shop_frontend/src/vuex-store/getters.js": {"path":"/Users/liubin/Projects/shop_backend/shop_frontend/src/vuex-store/getters.js","statementMap":{"0":{"start":{"line":1,"column":13},"end":{"line":1,"column":75}},"1":{"start":{"line":4,"column":12},"end":{"line":6,"column":1}},"2":{"start":{"line":5,"column":2},"end":{"line":5,"column":47}},"3":{"start":{"line":8,"column":11},"end":{"line":10,"column":1}},"4":{"start":{"line":9,"column":2},"end":{"line":9,"column":26}},"5":{"start":{"line":12,"column":15},"end":{"line":20,"column":1}},"6":{"start":{"line":13,"column":2},"end":{"line":19,"column":3}},"7":{"start":{"line":14,"column":4},"end":{"line":14,"column":32}},"8":{"start":{"line":15,"column":4},"end":{"line":15,"column":37}},"9":{"start":{"line":17,"column":4},"end":{"line":17,"column":31}},"10":{"start":{"line":18,"column":4},"end":{"line":18,"column":16}}},"fnMap":{"0":{"name":"debug","decl":{"start":{"line":4,"column":37},"end":{"line":4,"column":42}},"loc":{"start":{"line":4,"column":50},"end":{"line":6,"column":1}},"line":4},"1":{"name":"user","decl":{"start":{"line":8,"column":35},"end":{"line":8,"column":39}},"loc":{"start":{"line":8,"column":47},"end":{"line":10,"column":1}},"line":8},"2":{"name":"username","decl":{"start":{"line":12,"column":43},"end":{"line":12,"column":51}},"loc":{"start":{"line":12,"column":59},"end":{"line":20,"column":1}},"line":12}},"branchMap":{"0":{"loc":{"start":{"line":13,"column":2},"end":{"line":19,"column":3}},"type":"if","locations":[{"start":{"line":13,"column":2},"end":{"line":19,"column":3}},{"start":{"line":13,"column":2},"end":{"line":19,"column":3}}],"line":13}},"s":{"0":0,"1":0,"2":0,"3":0,"4":0,"5":0,"6":0,"7":0,"8":0,"9":0,"10":0},"f":{"0":0,"1":0,"2":0},"b":{"0":[0,0]}}
,"/Users/liubin/Projects/shop_backend/shop_frontend/src/vuex-store/index.js": {"path":"/Users/liubin/Projects/shop_backend/shop_frontend/src/vuex-store/index.js","statementMap":{"0":{"start":{"line":1,"column":13},"end":{"line":1,"column":75}},"1":{"start":{"line":1,"column":86},"end":{"line":1,"column":100}},"2":{"start":{"line":1,"column":113},"end":{"line":1,"column":141}},"3":{"start":{"line":2,"column":12},"end":{"line":2,"column":27}},"4":{"start":{"line":2,"column":41},"end":{"line":2,"column":70}},"5":{"start":{"line":3,"column":14},"end":{"line":3,"column":41}},"6":{"start":{"line":3,"column":57},"end":{"line":3,"column":88}},"7":{"start":{"line":5,"column":15},"end":{"line":5,"column":35}},"8":{"start":{"line":5,"column":50},"end":{"line":5,"column":83}},"9":{"start":{"line":6,"column":15},"end":{"line":6,"column":35}},"10":{"start":{"line":6,"column":50},"end":{"line":6,"column":83}},"11":{"start":{"line":7,"column":17},"end":{"line":7,"column":39}},"12":{"start":{"line":7,"column":58},"end":{"line":7,"column":92}},"13":{"start":{"line":8,"column":13},"end":{"line":8,"column":39}},"14":{"start":{"line":8,"column":54},"end":{"line":8,"column":84}},"15":{"start":{"line":8,"column":124},"end":{"line":8,"column":340}},"16":{"start":{"line":8,"column":152},"end":{"line":8,"column":163}},"17":{"start":{"line":8,"column":184},"end":{"line":8,"column":186}},"18":{"start":{"line":8,"column":187},"end":{"line":8,"column":304}},"19":{"start":{"line":8,"column":205},"end":{"line":8,"column":303}},"20":{"start":{"line":8,"column":227},"end":{"line":8,"column":302}},"21":{"start":{"line":8,"column":279},"end":{"line":8,"column":302}},"22":{"start":{"line":8,"column":304},"end":{"line":8,"column":325}},"23":{"start":{"line":8,"column":325},"end":{"line":8,"column":339}},"24":{"start":{"line":8,"column":379},"end":{"line":8,"column":433}},"25":{"start":{"line":10,"column":0},"end":{"line":10,"column":34}},"26":{"start":{"line":13,"column":12},"end":{"line":16,"column":45}},"27":{"start":{"line":19,"column":12},"end":{"line":19,"column":49}},"28":{"start":{"line":19,"column":50},"end":{"line":30,"column":53}}},"fnMap":{"0":{"name":"_interopRequireWildcard","decl":{"start":{"line":8,"column":94},"end":{"line":8,"column":117}},"loc":{"start":{"line":8,"column":123},"end":{"line":8,"column":341}},"line":8},"1":{"name":"_interopRequireDefault","decl":{"start":{"line":8,"column":350},"end":{"line":8,"column":372}},"loc":{"start":{"line":8,"column":378},"end":{"line":8,"column":434}},"line":8}},"branchMap":{"0":{"loc":{"start":{"line":8,"column":124},"end":{"line":8,"column":340}},"type":"if","locations":[{"start":{"line":8,"column":124},"end":{"line":8,"column":340}},{"start":{"line":8,"column":124},"end":{"line":8,"column":340}}],"line":8},"1":{"loc":{"start":{"line":8,"column":128},"end":{"line":8,"column":149}},"type":"binary-expr","locations":[{"start":{"line":8,"column":128},"end":{"line":8,"column":131}},{"start":{"line":8,"column":135},"end":{"line":8,"column":149}}],"line":8},"2":{"loc":{"start":{"line":8,"column":187},"end":{"line":8,"column":304}},"type":"if","locations":[{"start":{"line":8,"column":187},"end":{"line":8,"column":304}},{"start":{"line":8,"column":187},"end":{"line":8,"column":304}}],"line":8},"3":{"loc":{"start":{"line":8,"column":227},"end":{"line":8,"column":302}},"type":"if","locations":[{"start":{"line":8,"column":227},"end":{"line":8,"column":302}},{"start":{"line":8,"column":227},"end":{"line":8,"column":302}}],"line":8},"4":{"loc":{"start":{"line":8,"column":386},"end":{"line":8,"column":432}},"type":"cond-expr","locations":[{"start":{"line":8,"column":410},"end":{"line":8,"column":413}},{"start":{"line":8,"column":416},"end":{"line":8,"column":432}}],"line":8},"5":{"loc":{"start":{"line":8,"column":386},"end":{"line":8,"column":407}},"type":"binary-expr","locations":[{"start":{"line":8,"column":386},"end":{"line":8,"column":389}},{"start":{"line":8,"column":393},"end":{"line":8,"column":407}}],"line":8},"6":{"loc":{"start":{"line":30,"column":11},"end":{"line":30,"column":49}},"type":"cond-expr","locations":[{"start":{"line":30,"column":19},"end":{"line":30,"column":44}},{"start":{"line":30,"column":47},"end":{"line":30,"column":49}}],"line":30}},"s":{"0":0,"1":0,"2":0,"3":0,"4":0,"5":0,"6":0,"7":0,"8":0,"9":0,"10":0,"11":0,"12":0,"13":0,"14":0,"15":0,"16":0,"17":0,"18":0,"19":0,"20":0,"21":0,"22":0,"23":0,"24":0,"25":0,"26":0,"27":0,"28":0},"f":{"0":0,"1":0},"b":{"0":[0,0],"1":[0,0],"2":[0,0],"3":[0,0],"4":[0,0],"5":[0,0],"6":[0,0]}}
,"/Users/liubin/Projects/shop_backend/shop_frontend/src/vuex-store/mutation-types.js": {"path":"/Users/liubin/Projects/shop_backend/shop_frontend/src/vuex-store/mutation-types.js","statementMap":{"0":{"start":{"line":1,"column":13},"end":{"line":1,"column":75}},"1":{"start":{"line":2,"column":20},"end":{"line":2,"column":59}},"2":{"start":{"line":5,"column":23},"end":{"line":5,"column":74}},"3":{"start":{"line":6,"column":21},"end":{"line":6,"column":68}},"4":{"start":{"line":7,"column":23},"end":{"line":7,"column":74}},"5":{"start":{"line":8,"column":23},"end":{"line":8,"column":74}}},"fnMap":{},"branchMap":{},"s":{"0":0,"1":0,"2":0,"3":0,"4":0,"5":0},"f":{},"b":{}}
,"/Users/liubin/Projects/shop_backend/shop_frontend/src/vuex-store/mutations.js": {"path":"/Users/liubin/Projects/shop_backend/shop_frontend/src/vuex-store/mutations.js","statementMap":{"0":{"start":{"line":1,"column":13},"end":{"line":1,"column":75}},"1":{"start":{"line":1,"column":98},"end":{"line":1,"column":145}},"2":{"start":{"line":1,"column":169},"end":{"line":1,"column":209}},"3":{"start":{"line":2,"column":21},"end":{"line":2,"column":48}},"4":{"start":{"line":2,"column":61},"end":{"line":2,"column":100}},"5":{"start":{"line":2,"column":140},"end":{"line":2,"column":356}},"6":{"start":{"line":2,"column":168},"end":{"line":2,"column":179}},"7":{"start":{"line":2,"column":200},"end":{"line":2,"column":202}},"8":{"start":{"line":2,"column":203},"end":{"line":2,"column":320}},"9":{"start":{"line":2,"column":221},"end":{"line":2,"column":319}},"10":{"start":{"line":2,"column":243},"end":{"line":2,"column":318}},"11":{"start":{"line":2,"column":295},"end":{"line":2,"column":318}},"12":{"start":{"line":2,"column":320},"end":{"line":2,"column":341}},"13":{"start":{"line":2,"column":341},"end":{"line":2,"column":355}},"14":{"start":{"line":2,"column":395},"end":{"line":2,"column":449}},"15":{"start":{"line":5,"column":0},"end":{"line":10,"column":3}},"16":{"start":{"line":8,"column":60},"end":{"line":8,"column":73}},"17":{"start":{"line":9,"column":2},"end":{"line":9,"column":28}}},"fnMap":{"0":{"name":"_interopRequireWildcard","decl":{"start":{"line":2,"column":110},"end":{"line":2,"column":133}},"loc":{"start":{"line":2,"column":139},"end":{"line":2,"column":357}},"line":2},"1":{"name":"_interopRequireDefault","decl":{"start":{"line":2,"column":366},"end":{"line":2,"column":388}},"loc":{"start":{"line":2,"column":394},"end":{"line":2,"column":450}},"line":2},"2":{"name":"(anonymous_2)","decl":{"start":{"line":8,"column":21},"end":{"line":8,"column":22}},"loc":{"start":{"line":8,"column":44},"end":{"line":10,"column":1}},"line":8}},"branchMap":{"0":{"loc":{"start":{"line":2,"column":140},"end":{"line":2,"column":356}},"type":"if","locations":[{"start":{"line":2,"column":140},"end":{"line":2,"column":356}},{"start":{"line":2,"column":140},"end":{"line":2,"column":356}}],"line":2},"1":{"loc":{"start":{"line":2,"column":144},"end":{"line":2,"column":165}},"type":"binary-expr","locations":[{"start":{"line":2,"column":144},"end":{"line":2,"column":147}},{"start":{"line":2,"column":151},"end":{"line":2,"column":165}}],"line":2},"2":{"loc":{"start":{"line":2,"column":203},"end":{"line":2,"column":320}},"type":"if","locations":[{"start":{"line":2,"column":203},"end":{"line":2,"column":320}},{"start":{"line":2,"column":203},"end":{"line":2,"column":320}}],"line":2},"3":{"loc":{"start":{"line":2,"column":243},"end":{"line":2,"column":318}},"type":"if","locations":[{"start":{"line":2,"column":243},"end":{"line":2,"column":318}},{"start":{"line":2,"column":243},"end":{"line":2,"column":318}}],"line":2},"4":{"loc":{"start":{"line":2,"column":402},"end":{"line":2,"column":448}},"type":"cond-expr","locations":[{"start":{"line":2,"column":426},"end":{"line":2,"column":429}},{"start":{"line":2,"column":432},"end":{"line":2,"column":448}}],"line":2},"5":{"loc":{"start":{"line":2,"column":402},"end":{"line":2,"column":423}},"type":"binary-expr","locations":[{"start":{"line":2,"column":402},"end":{"line":2,"column":405}},{"start":{"line":2,"column":409},"end":{"line":2,"column":423}}],"line":2}},"s":{"0":0,"1":0,"2":0,"3":0,"4":0,"5":0,"6":0,"7":0,"8":0,"9":0,"10":0,"11":0,"12":0,"13":0,"14":0,"15":0,"16":0,"17":0},"f":{"0":0,"1":0,"2":0},"b":{"0":[0,0],"1":[0,0],"2":[0,0],"3":[0,0],"4":[0,0],"5":[0,0]}}
,"/Users/liubin/Projects/shop_backend/shop_frontend/src/vuex-store/modules/login.js": {"path":"/Users/liubin/Projects/shop_backend/shop_frontend/src/vuex-store/modules/login.js","statementMap":{"0":{"start":{"line":1,"column":13},"end":{"line":1,"column":75}},"1":{"start":{"line":1,"column":98},"end":{"line":1,"column":145}},"2":{"start":{"line":1,"column":169},"end":{"line":1,"column":209}},"3":{"start":{"line":1,"column":246},"end":{"line":1,"column":274}},"4":{"start":{"line":1,"column":287},"end":{"line":1,"column":326}},"5":{"start":{"line":1,"column":366},"end":{"line":1,"column":582}},"6":{"start":{"line":1,"column":394},"end":{"line":1,"column":405}},"7":{"start":{"line":1,"column":426},"end":{"line":1,"column":428}},"8":{"start":{"line":1,"column":429},"end":{"line":1,"column":546}},"9":{"start":{"line":1,"column":447},"end":{"line":1,"column":545}},"10":{"start":{"line":1,"column":469},"end":{"line":1,"column":544}},"11":{"start":{"line":1,"column":521},"end":{"line":1,"column":544}},"12":{"start":{"line":1,"column":546},"end":{"line":1,"column":567}},"13":{"start":{"line":1,"column":567},"end":{"line":1,"column":581}},"14":{"start":{"line":1,"column":621},"end":{"line":1,"column":675}},"15":{"start":{"line":5,"column":12},"end":{"line":13,"column":1}},"16":{"start":{"line":13,"column":16},"end":{"line":20,"column":5}},"17":{"start":{"line":16,"column":4},"end":{"line":16,"column":29}},"18":{"start":{"line":19,"column":4},"end":{"line":19,"column":29}},"19":{"start":{"line":27,"column":17},"end":{"line":36,"column":14}},"20":{"start":{"line":29,"column":2},"end":{"line":29,"column":34}},"21":{"start":{"line":32,"column":2},"end":{"line":32,"column":28}},"22":{"start":{"line":35,"column":2},"end":{"line":35,"column":20}},"23":{"start":{"line":41,"column":14},"end":{"line":50,"column":5}},"24":{"start":{"line":42,"column":62},"end":{"line":42,"column":72}},"25":{"start":{"line":42,"column":82},"end":{"line":42,"column":93}},"26":{"start":{"line":42,"column":106},"end":{"line":42,"column":120}},"27":{"start":{"line":43,"column":4},"end":{"line":43,"column":48}},"28":{"start":{"line":45,"column":69},"end":{"line":45,"column":80}},"29":{"start":{"line":45,"column":90},"end":{"line":45,"column":102}},"30":{"start":{"line":45,"column":115},"end":{"line":45,"column":130}},"31":{"start":{"line":46,"column":4},"end":{"line":46,"column":42}},"32":{"start":{"line":48,"column":54},"end":{"line":48,"column":65}},"33":{"start":{"line":48,"column":75},"end":{"line":48,"column":87}},"34":{"start":{"line":48,"column":100},"end":{"line":48,"column":115}},"35":{"start":{"line":49,"column":4},"end":{"line":49,"column":41}},"36":{"start":{"line":50,"column":6},"end":{"line":57,"column":25}}},"fnMap":{"0":{"name":"_interopRequireWildcard","decl":{"start":{"line":1,"column":336},"end":{"line":1,"column":359}},"loc":{"start":{"line":1,"column":365},"end":{"line":1,"column":583}},"line":1},"1":{"name":"_interopRequireDefault","decl":{"start":{"line":1,"column":592},"end":{"line":1,"column":614}},"loc":{"start":{"line":1,"column":620},"end":{"line":1,"column":676}},"line":1},"2":{"name":"loginStatus","decl":{"start":{"line":15,"column":24},"end":{"line":15,"column":35}},"loc":{"start":{"line":15,"column":63},"end":{"line":17,"column":3}},"line":15},"3":{"name":"permissions","decl":{"start":{"line":18,"column":24},"end":{"line":18,"column":35}},"loc":{"start":{"line":18,"column":63},"end":{"line":20,"column":3}},"line":18},"4":{"name":"(anonymous_4)","decl":{"start":{"line":28,"column":24},"end":{"line":28,"column":25}},"loc":{"start":{"line":28,"column":54},"end":{"line":30,"column":1}},"line":28},"5":{"name":"(anonymous_5)","decl":{"start":{"line":31,"column":24},"end":{"line":31,"column":25}},"loc":{"start":{"line":31,"column":48},"end":{"line":33,"column":1}},"line":31},"6":{"name":"(anonymous_6)","decl":{"start":{"line":34,"column":24},"end":{"line":34,"column":25}},"loc":{"start":{"line":34,"column":47},"end":{"line":36,"column":1}},"line":34},"7":{"name":"setToken","decl":{"start":{"line":42,"column":21},"end":{"line":42,"column":29}},"loc":{"start":{"line":42,"column":49},"end":{"line":44,"column":3}},"line":42},"8":{"name":"setLoginStatus","decl":{"start":{"line":45,"column":27},"end":{"line":45,"column":41}},"loc":{"start":{"line":45,"column":56},"end":{"line":47,"column":3}},"line":45},"9":{"name":"setUser","decl":{"start":{"line":48,"column":20},"end":{"line":48,"column":27}},"loc":{"start":{"line":48,"column":41},"end":{"line":50,"column":3}},"line":48}},"branchMap":{"0":{"loc":{"start":{"line":1,"column":366},"end":{"line":1,"column":582}},"type":"if","locations":[{"start":{"line":1,"column":366},"end":{"line":1,"column":582}},{"start":{"line":1,"column":366},"end":{"line":1,"column":582}}],"line":1},"1":{"loc":{"start":{"line":1,"column":370},"end":{"line":1,"column":391}},"type":"binary-expr","locations":[{"start":{"line":1,"column":370},"end":{"line":1,"column":373}},{"start":{"line":1,"column":377},"end":{"line":1,"column":391}}],"line":1},"2":{"loc":{"start":{"line":1,"column":429},"end":{"line":1,"column":546}},"type":"if","locations":[{"start":{"line":1,"column":429},"end":{"line":1,"column":546}},{"start":{"line":1,"column":429},"end":{"line":1,"column":546}}],"line":1},"3":{"loc":{"start":{"line":1,"column":469},"end":{"line":1,"column":544}},"type":"if","locations":[{"start":{"line":1,"column":469},"end":{"line":1,"column":544}},{"start":{"line":1,"column":469},"end":{"line":1,"column":544}}],"line":1},"4":{"loc":{"start":{"line":1,"column":628},"end":{"line":1,"column":674}},"type":"cond-expr","locations":[{"start":{"line":1,"column":652},"end":{"line":1,"column":655}},{"start":{"line":1,"column":658},"end":{"line":1,"column":674}}],"line":1},"5":{"loc":{"start":{"line":1,"column":628},"end":{"line":1,"column":649}},"type":"binary-expr","locations":[{"start":{"line":1,"column":628},"end":{"line":1,"column":631}},{"start":{"line":1,"column":635},"end":{"line":1,"column":649}}],"line":1}},"s":{"0":0,"1":0,"2":0,"3":0,"4":0,"5":0,"6":0,"7":0,"8":0,"9":0,"10":0,"11":0,"12":0,"13":0,"14":0,"15":0,"16":0,"17":0,"18":0,"19":0,"20":0,"21":0,"22":0,"23":0,"24":0,"25":0,"26":0,"27":0,"28":0,"29":0,"30":0,"31":0,"32":0,"33":0,"34":0,"35":0,"36":0},"f":{"0":0,"1":0,"2":0,"3":0,"4":0,"5":0,"6":0,"7":0,"8":0,"9":0},"b":{"0":[0,0],"1":[0,0],"2":[0,0],"3":[0,0],"4":[0,0],"5":[0,0]}}
}
